<?xml version="1.0" encoding="UTF-8"?>
<!-- Generated by org.testng.reporters.JUnitXMLReporter -->
<testsuite ignored="0" hostname="DESKTOP-K9OTC1E" failures="1" tests="4" name="Test" time="3.863" errors="0" timestamp="2021-05-21T04:39:54 CST">
  <testcase classname="testing.demo.SelTesting" name="test" time="2.763"/>
  <testcase classname="testing.demo.SelTesting" name="testGroupOne" time="0.074"/>
  <testcase classname="testing.demo.SelTesting" name="testGroupTwo" time="0.094"/>
  <testcase classname="testing.demo.ParallelTest" name="testFirefox" time="0.099">
    <failure type="java.lang.Exception" message="No object type">
      <![CDATA[java.lang.Exception: No object type
at testing.demo.Keywords.getObject(Keywords.java:102)
at testing.demo.Keywords.perform(Keywords.java:32)
at testing.demo.ParallelTest.testFirefox(ParallelTest.java:70)
at java.base/java.util.ArrayList.forEach(ArrayList.java:1511)
... Removed 27 stack frames]]>
    </failure>
  </testcase> <!-- testFirefox -->
</testsuite> <!-- Test -->
