<?xml version="1.0" encoding="UTF-8"?>
<testng-results ignored="0" total="1" passed="1" failed="0" skipped="0">
  <reporter-output>
  </reporter-output>
  <suite started-at="2021-05-19T02:01:08 CST" name="Default suite" finished-at="2021-05-19T02:01:10 CST" duration-ms="1795">
    <groups>
    </groups>
    <test started-at="2021-05-19T02:01:08 CST" name="Default test" finished-at="2021-05-19T02:01:10 CST" duration-ms="1795">
      <class name="testing.demo.SelTesting">
        <test-method signature="test()[pri:0, instance:testing.demo.SelTesting@3c0036b]" started-at="2021-05-19T02:01:08 CST" name="test" finished-at="2021-05-19T02:01:09 CST" duration-ms="873" status="PASS">
          <reporter-output>
          </reporter-output>
        </test-method> <!-- test -->
        <test-method is-config="true" signature="end()[pri:0, instance:testing.demo.SelTesting@3c0036b]" started-at="2021-05-19T02:01:09 CST" name="end" finished-at="2021-05-19T02:01:10 CST" duration-ms="871" status="PASS">
          <reporter-output>
          </reporter-output>
        </test-method> <!-- end -->
      </class> <!-- testing.demo.SelTesting -->
    </test> <!-- Default test -->
  </suite> <!-- Default suite -->
</testng-results>
